==16635== Memcheck, a memory error detector
==16635== Copyright (C) 2002-2015, and GNU GPL'd, by Julian Seward et al.
==16635== Using Valgrind-3.12.0 and LibVEX; rerun with -h for copyright info
==16635== Command: inherit c c10 s s15 x
==16635== 
c:
c10:
s:
s15:
x:
shape(1): circle radius 0, area 0, circum 0
shape(2): circle radius 10, area 314.159, circum 62.8319
shape(3): square side 0, area 0, circum 0
shape(4): square side 15, area 225, circum 60
shape(5): nothing , area 0, circum 0
==16635== 
==16635== HEAP SUMMARY:
==16635==     in use at exit: 0 bytes in 0 blocks
==16635==   total heap usage: 22 allocs, 22 frees, 854 bytes allocated
==16635== 
==16635== All heap blocks were freed -- no leaks are possible
==16635== 
==16635== For counts of detected and suppressed errors, rerun with: -v
==16635== ERROR SUMMARY: 0 errors from 0 contexts (suppressed: 0 from 0)
